0 info it worked if it ends with ok
1 verbose cli [ '/usr/local/bin/node',
1 verbose cli   '/usr/local/bin/npm',
1 verbose cli   'install',
1 verbose cli   '-',
1 verbose cli   'yo' ]
2 info using npm@3.8.3
3 info using node@v5.10.1
4 silly loadCurrentTree Starting
5 silly install loadCurrentTree
6 silly install readLocalPackageData
7 silly fetchPackageMetaData -
8 silly fetchPackageMetaData yo
9 silly fetchOtherPackageData -
10 silly cache add args [ '-', null ]
11 verbose cache add spec -
12 silly fetchNamedPackageData yo
13 silly mapToRegistry name yo
14 silly mapToRegistry using default registry
15 silly mapToRegistry registry https://registry.npmjs.org/
16 silly mapToRegistry data Result {
16 silly mapToRegistry   raw: 'yo',
16 silly mapToRegistry   scope: null,
16 silly mapToRegistry   name: 'yo',
16 silly mapToRegistry   rawSpec: '',
16 silly mapToRegistry   spec: 'latest',
16 silly mapToRegistry   type: 'tag' }
17 silly mapToRegistry uri https://registry.npmjs.org/yo
18 silly cache add parsed spec Result {
18 silly cache add   raw: '-',
18 silly cache add   scope: null,
18 silly cache add   name: null,
18 silly cache add   rawSpec: '-',
18 silly cache add   spec: '/Users/tongqi/Documents/web/leetcode/-',
18 silly cache add   type: 'local' }
19 verbose request uri https://registry.npmjs.org/yo
20 verbose request no auth needed
21 info attempt registry request try #1 at 5:49:16 PM
22 verbose request id 52baaf56bac12570
23 http request GET https://registry.npmjs.org/yo
24 error addLocal Could not install /Users/tongqi/Documents/web/leetcode/-
25 silly fetchPackageMetaData Error: ENOENT: no such file or directory, open '/Users/tongqi/Documents/web/leetcode/-'
25 silly fetchPackageMetaData     at Error (native)
25 silly fetchPackageMetaData  error for - { [Error: ENOENT: no such file or directory, open '/Users/tongqi/Documents/web/leetcode/-']
25 silly fetchPackageMetaData   errno: -2,
25 silly fetchPackageMetaData   code: 'ENOENT',
25 silly fetchPackageMetaData   syscall: 'open',
25 silly fetchPackageMetaData   path: '/Users/tongqi/Documents/web/leetcode/-' }
26 http 200 https://registry.npmjs.org/yo
27 verbose headers { server: 'CouchDB/1.5.0 (Erlang OTP/R16B03)',
27 verbose headers   etag: '"EU7MW72TJTRBJG2C2D6SBPJ0M"',
27 verbose headers   'content-type': 'application/json',
27 verbose headers   'content-encoding': 'gzip',
27 verbose headers   'cache-control': 'max-age=300',
27 verbose headers   'content-length': '10817',
27 verbose headers   'accept-ranges': 'bytes',
27 verbose headers   date: 'Sat, 18 Jun 2016 09:49:18 GMT',
27 verbose headers   via: '1.1 varnish',
27 verbose headers   age: '33',
27 verbose headers   connection: 'keep-alive',
27 verbose headers   'x-served-by': 'cache-lhr6336-LHR',
27 verbose headers   'x-cache': 'HIT',
27 verbose headers   'x-cache-hits': '1',
27 verbose headers   'x-timer': 'S1466243358.402509,VS0,VE0',
27 verbose headers   vary: 'Accept-Encoding' }
28 silly get cb [ 200,
28 silly get   { server: 'CouchDB/1.5.0 (Erlang OTP/R16B03)',
28 silly get     etag: '"EU7MW72TJTRBJG2C2D6SBPJ0M"',
28 silly get     'content-type': 'application/json',
28 silly get     'content-encoding': 'gzip',
28 silly get     'cache-control': 'max-age=300',
28 silly get     'content-length': '10817',
28 silly get     'accept-ranges': 'bytes',
28 silly get     date: 'Sat, 18 Jun 2016 09:49:18 GMT',
28 silly get     via: '1.1 varnish',
28 silly get     age: '33',
28 silly get     connection: 'keep-alive',
28 silly get     'x-served-by': 'cache-lhr6336-LHR',
28 silly get     'x-cache': 'HIT',
28 silly get     'x-cache-hits': '1',
28 silly get     'x-timer': 'S1466243358.402509,VS0,VE0',
28 silly get     vary: 'Accept-Encoding' } ]
29 verbose get saving yo to /Users/tongqi/.npm/registry.npmjs.org/yo/.cache.json
30 verbose correctMkdir /Users/tongqi/.npm correctMkdir not in flight; initializing
31 silly rollbackFailedOptional Starting
32 silly rollbackFailedOptional Finishing
33 silly runTopLevelLifecycles Starting
34 silly runTopLevelLifecycles Finishing
35 silly install printInstalled
36 verbose stack Error: ENOENT: no such file or directory, open '/Users/tongqi/Documents/web/leetcode/-'
36 verbose stack     at Error (native)
37 verbose cwd /Users/tongqi/Documents/web/leetcode
38 error Darwin 15.5.0
39 error argv "/usr/local/bin/node" "/usr/local/bin/npm" "install" "-" "yo"
40 error node v5.10.1
41 error npm  v3.8.3
42 error path /Users/tongqi/Documents/web/leetcode/-
43 error code ENOENT
44 error errno -2
45 error syscall open
46 error enoent ENOENT: no such file or directory, open '/Users/tongqi/Documents/web/leetcode/-'
47 error enoent ENOENT: no such file or directory, open '/Users/tongqi/Documents/web/leetcode/-'
47 error enoent This is most likely not a problem with npm itself
47 error enoent and is related to npm not being able to find a file.
48 verbose exit [ -2, true ]
